[2026-01-21 17:07:05] Auto-update by USER: yusuf
  Updates: {"approved_to_ongoing":1,"ongoing_to_late":2,"denda_updated":0,"errors":[]}
[2026-01-21 17:21:32] Auto-update executed by: Administrator
  - Approved→Ongoing: 0
  - Ongoing→Late: 0
  - Denda Updated: 0
--------------------------------------------------
[2026-01-21 17:27:50] Auto-update executed by: Administrator
  - Approved→Ongoing: 0
  - Ongoing→Late: 0
  - Denda Updated: 0
--------------------------------------------------
[2026-01-21 17:31:23] Auto-update by USER: yusuf
  Updates: {"approved_to_ongoing":0,"ongoing_to_late":0,"denda_updated":0,"errors":[]}
[2026-01-21 17:48:43] Auto-update executed by: Administrator
  - Approved→Ongoing: 0
  - Ongoing→Late: 0
  - Denda Updated: 0
--------------------------------------------------
[2026-01-21 17:54:39] Auto-update executed by: Administrator
  - Approved→Ongoing: 0
  - Ongoing→Late: 0
  - Denda Updated: 0
--------------------------------------------------
[2026-01-21 18:01:03] Auto-update executed by: Administrator
  - Approved→Ongoing: 0
  - Ongoing→Late: 0
  - Denda Updated: 0
--------------------------------------------------
[2026-01-24 14:56:58] Auto-update executed by: Administrator
  - Approved→Ongoing: 0
  - Ongoing→Late: 0
  - Denda Updated: 0
--------------------------------------------------
[2026-01-24 15:12:52] Auto-update executed by: Administrator
  - Approved→Ongoing: 0
  - Ongoing→Late: 0
  - Denda Updated: 0
--------------------------------------------------
[2026-01-24 15:24:28] Auto-update executed by: Administrator
  - Approved→Ongoing: 0
  - Ongoing→Late: 0
  - Denda Updated: 0
--------------------------------------------------
[2026-01-24 15:34:00] Auto-update executed by: Administrator
  - Approved→Ongoing: 0
  - Ongoing→Late: 0
  - Denda Updated: 0
--------------------------------------------------
[2026-01-24 15:39:59] Auto-update executed by: Administrator
  - Approved→Ongoing: 0
  - Ongoing→Late: 0
  - Denda Updated: 0
--------------------------------------------------
[2026-01-24 15:45:30] Auto-update executed by: Administrator
  - Approved→Ongoing: 0
  - Ongoing→Late: 0
  - Denda Updated: 0
--------------------------------------------------
[2026-01-24 15:52:22] Auto-update executed by: Administrator
  - Approved→Ongoing: 0
  - Ongoing→Late: 0
  - Denda Updated: 0
--------------------------------------------------
[2026-01-24 15:58:25] Auto-update executed by: Administrator
  - Approved→Ongoing: 0
  - Ongoing→Late: 0
  - Denda Updated: 0
--------------------------------------------------
[2026-01-24 16:04:38] Auto-update executed by: Administrator
  - Approved→Ongoing: 0
  - Ongoing→Late: 0
  - Denda Updated: 0
--------------------------------------------------
[2026-01-24 18:49:41] Auto-update executed by: Administrator
  - Approved→Ongoing: 0
  - Ongoing→Late: 1
  - Denda Updated: 0
--------------------------------------------------
[2026-01-25 01:01:26] Auto-update executed by: Administrator
  - Approved→Ongoing: 0
  - Ongoing→Late: 0
  - Denda Updated: 0
--------------------------------------------------
[2026-01-25 01:22:23] Auto-update executed by: Administrator
  - Approved→Ongoing: 0
  - Ongoing→Late: 0
  - Denda Updated: 0
--------------------------------------------------
[2026-01-25 01:30:37] Auto-update executed by: Administrator
  - Approved→Ongoing: 0
  - Ongoing→Late: 0
  - Denda Updated: 0
--------------------------------------------------
[2026-01-25 01:41:49] Auto-update executed by: Administrator
  - Approved→Ongoing: 0
  - Ongoing→Late: 0
  - Denda Updated: 0
--------------------------------------------------
[2026-01-25 01:47:05] Auto-update executed by: Administrator
  - Approved→Ongoing: 0
  - Ongoing→Late: 0
  - Denda Updated: 0
--------------------------------------------------
[2026-01-25 01:53:55] Auto-update executed by: Administrator
  - Approved→Ongoing: 0
  - Ongoing→Late: 0
  - Denda Updated: 0
--------------------------------------------------
[2026-01-25 02:00:34] Auto-update executed by: Administrator
  - Approved→Ongoing: 0
  - Ongoing→Late: 0
  - Denda Updated: 0
--------------------------------------------------
[2026-01-25 02:28:48] Auto-update executed by: Administrator
  - Approved→Ongoing: 0
  - Ongoing→Late: 0
  - Denda Updated: 0
--------------------------------------------------
[2026-01-25 02:41:04] Auto-update executed by: Administrator
  - Approved→Ongoing: 0
  - Ongoing→Late: 0
  - Denda Updated: 0
--------------------------------------------------
[2026-01-25 02:46:22] Auto-update executed by: Administrator
  - Approved→Ongoing: 0
  - Ongoing→Late: 0
  - Denda Updated: 0
--------------------------------------------------
[2026-01-25 02:52:09] Auto-update executed by: Administrator
  - Approved→Ongoing: 0
  - Ongoing→Late: 0
  - Denda Updated: 0
--------------------------------------------------
[2026-01-25 02:59:25] Auto-update executed by: Administrator
  - Approved→Ongoing: 0
  - Ongoing→Late: 0
  - Denda Updated: 0
--------------------------------------------------
[2026-01-25 03:05:48] Auto-update executed by: Administrator
  - Approved→Ongoing: 0
  - Ongoing→Late: 0
  - Denda Updated: 0
--------------------------------------------------
[2026-01-25 03:12:30] Auto-update executed by: Administrator
  - Approved→Ongoing: 0
  - Ongoing→Late: 0
  - Denda Updated: 0
--------------------------------------------------
[2026-01-25 03:26:43] Auto-update executed by: Administrator
  - Approved→Ongoing: 0
  - Ongoing→Late: 0
  - Denda Updated: 0
--------------------------------------------------
[2026-01-25 03:36:21] Auto-update executed by: Administrator
  - Approved→Ongoing: 0
  - Ongoing→Late: 0
  - Denda Updated: 0
--------------------------------------------------
[2026-01-25 03:43:19] Auto-update executed by: Administrator
  - Approved→Ongoing: 0
  - Ongoing→Late: 0
  - Denda Updated: 0
--------------------------------------------------
[2026-01-25 03:52:43] Auto-update executed by: Administrator
  - Approved→Ongoing: 0
  - Ongoing→Late: 0
  - Denda Updated: 0
--------------------------------------------------
[2026-01-25 04:28:17] Auto-update executed by: Administrator
  - Approved→Ongoing: 0
  - Ongoing→Late: 0
  - Denda Updated: 0
--------------------------------------------------
[2026-01-25 16:42:23] Auto-update executed by: Administrator
  - Approved→Ongoing: 0
  - Ongoing→Late: 0
  - Denda Updated: 0
--------------------------------------------------
[2026-01-25 16:53:39] Auto-update executed by: Administrator
  - Approved→Ongoing: 0
  - Ongoing→Late: 0
  - Denda Updated: 0
--------------------------------------------------
[2026-01-25 17:03:10] Auto-update executed by: Administrator
  - Approved→Ongoing: 0
  - Ongoing→Late: 0
  - Denda Updated: 0
--------------------------------------------------
[2026-01-25 17:11:22] Auto-update executed by: Administrator
  - Approved→Ongoing: 0
  - Ongoing→Late: 0
  - Denda Updated: 0
--------------------------------------------------
[2026-01-25 23:19:23] Auto-update executed by: Administrator
  - Approved→Ongoing: 0
  - Ongoing→Late: 0
  - Denda Updated: 0
--------------------------------------------------
[2026-01-25 23:40:26] Auto-update executed by: Administrator
  - Approved→Ongoing: 0
  - Ongoing→Late: 1
  - Denda Updated: 1
--------------------------------------------------
[2026-01-25 23:45:28] Auto-update executed by: Administrator
  - Approved→Ongoing: 0
  - Ongoing→Late: 0
  - Denda Updated: 0
--------------------------------------------------
[2026-01-26 00:57:40] Auto-update executed by: Administrator
  - Approved→Ongoing: 0
  - Ongoing→Late: 0
  - Denda Updated: 0
--------------------------------------------------
[2026-01-26 01:01:09] Auto-update by USER: User Peminjam
  Updates: {"approved_to_ongoing":0,"ongoing_to_late":0,"denda_updated":0,"errors":[]}
[2026-01-26 01:02:40] Auto-update executed by: Administrator
  - Approved→Ongoing: 0
  - Ongoing→Late: 0
  - Denda Updated: 0
--------------------------------------------------
[2026-01-26 01:08:04] Auto-update by USER: User Peminjam
  Updates: {"approved_to_ongoing":0,"ongoing_to_late":0,"denda_updated":0,"errors":[]}
[2026-01-26 01:13:11] Auto-update by USER: User Peminjam
  Updates: {"approved_to_ongoing":0,"ongoing_to_late":0,"denda_updated":0,"errors":[]}
[2026-01-26 01:15:35] Auto-update executed by: Administrator
  - Approved→Ongoing: 0
  - Ongoing→Late: 0
  - Denda Updated: 0
--------------------------------------------------
[2026-01-26 15:03:26] Auto-update by USER: User Peminjam
  Updates: {"approved_to_ongoing":1,"ongoing_to_late":0,"denda_updated":0,"errors":[]}
[2026-01-26 15:05:35] Auto-update executed by: Administrator
  - Approved→Ongoing: 0
  - Ongoing→Late: 0
  - Denda Updated: 0
--------------------------------------------------
[2026-01-26 15:11:05] Auto-update executed by: Administrator
  - Approved→Ongoing: 1
  - Ongoing→Late: 0
  - Denda Updated: 0
--------------------------------------------------
[2026-01-26 15:12:02] Auto-update by USER: User Peminjam
  Updates: {"approved_to_ongoing":0,"ongoing_to_late":0,"denda_updated":0,"errors":[]}
[2026-01-26 17:46:53] Auto-update by USER: User Peminjam
  Updates: {"approved_to_ongoing":0,"ongoing_to_late":0,"denda_updated":0,"errors":[]}
[2026-01-26 18:54:47] Auto-update by USER: User Peminjam
  Updates: {"approved_to_ongoing":0,"ongoing_to_late":0,"denda_updated":0,"errors":[]}
[2026-01-26 19:10:35] Auto-update by USER: User Peminjam
  Updates: {"approved_to_ongoing":0,"ongoing_to_late":0,"denda_updated":0,"errors":[]}
[2026-01-26 19:12:57] Auto-update executed by: Administrator
  - Approved→Ongoing: 1
  - Ongoing→Late: 0
  - Denda Updated: 0
--------------------------------------------------
[2026-01-26 19:26:06] Auto-update by USER: User Peminjam
  Updates: {"approved_to_ongoing":0,"ongoing_to_late":0,"denda_updated":0,"errors":[]}
[2026-01-26 19:33:46] Auto-update by USER: User Peminjam
  Updates: {"approved_to_ongoing":0,"ongoing_to_late":0,"denda_updated":0,"errors":[]}
[2026-01-26 19:48:22] Auto-update by USER: User Peminjam
  Updates: {"approved_to_ongoing":0,"ongoing_to_late":0,"denda_updated":0,"errors":[]}
[2026-01-26 19:51:57] Auto-update executed by: Administrator
  - Approved→Ongoing: 0
  - Ongoing→Late: 0
  - Denda Updated: 0
--------------------------------------------------
[2026-01-26 19:59:29] Auto-update executed by: Administrator
  - Approved→Ongoing: 0
  - Ongoing→Late: 0
  - Denda Updated: 0
--------------------------------------------------
[2026-01-26 20:04:30] Auto-update executed by: Administrator
  - Approved→Ongoing: 0
  - Ongoing→Late: 0
  - Denda Updated: 0
--------------------------------------------------
[2026-01-26 20:12:23] Auto-update executed by: Administrator
  - Approved→Ongoing: 0
  - Ongoing→Late: 0
  - Denda Updated: 0
--------------------------------------------------
[2026-01-26 20:37:43] Auto-update by USER: User Peminjam
  Updates: {"approved_to_ongoing":0,"ongoing_to_late":0,"denda_updated":0,"errors":[]}
[2026-01-26 20:46:42] Auto-update executed by: Administrator
  - Approved→Ongoing: 0
  - Ongoing→Late: 0
  - Denda Updated: 0
--------------------------------------------------
[2026-01-26 20:58:23] Auto-update executed by: Administrator
  - Approved→Ongoing: 0
  - Ongoing→Late: 0
  - Denda Updated: 0
--------------------------------------------------
[2026-01-26 21:09:35] Auto-update executed by: Administrator
  - Approved→Ongoing: 0
  - Ongoing→Late: 0
  - Denda Updated: 0
--------------------------------------------------
[2026-01-26 21:22:55] Auto-update executed by: Administrator
  - Approved→Ongoing: 0
  - Ongoing→Late: 0
  - Denda Updated: 0
--------------------------------------------------
[2026-01-26 21:40:05] Auto-update executed by: Administrator
  - Approved→Ongoing: 0
  - Ongoing→Late: 0
  - Denda Updated: 0
--------------------------------------------------
[2026-01-26 22:57:12] Auto-update executed by: Administrator
  - Approved→Ongoing: 0
  - Ongoing→Late: 0
  - Denda Updated: 0
--------------------------------------------------
[2026-01-26 23:07:46] Auto-update by USER: User Peminjam
  Updates: {"approved_to_ongoing":0,"ongoing_to_late":0,"denda_updated":0,"errors":[]}
[2026-01-26 23:20:50] Auto-update by USER: User Peminjam
  Updates: {"approved_to_ongoing":0,"ongoing_to_late":0,"denda_updated":0,"errors":[]}
[2026-01-26 23:31:17] Auto-update by USER: User Peminjam
  Updates: {"approved_to_ongoing":0,"ongoing_to_late":0,"denda_updated":0,"errors":[]}
[2026-01-26 23:39:07] Auto-update by USER: User Peminjam
  Updates: {"approved_to_ongoing":0,"ongoing_to_late":0,"denda_updated":0,"errors":[]}
[2026-01-26 23:47:02] Auto-update by USER: User Peminjam
  Updates: {"approved_to_ongoing":0,"ongoing_to_late":0,"denda_updated":0,"errors":[]}
[2026-01-27 00:12:32] Auto-update by USER: User Peminjam
  Updates: {"approved_to_ongoing":0,"ongoing_to_late":0,"denda_updated":0,"errors":[]}
[2026-01-27 00:25:17] Auto-update by USER: User Peminjam
  Updates: {"approved_to_ongoing":0,"ongoing_to_late":0,"denda_updated":0,"errors":[]}
[2026-01-27 00:48:06] Auto-update by USER: User Peminjam
  Updates: {"approved_to_ongoing":0,"ongoing_to_late":0,"denda_updated":0,"errors":[]}
[2026-01-27 00:53:04] Auto-update executed by: Administrator
  - Approved→Ongoing: 0
  - Ongoing→Late: 0
  - Denda Updated: 0
--------------------------------------------------
[2026-01-27 00:54:51] Auto-update by USER: User Peminjam
  Updates: {"approved_to_ongoing":0,"ongoing_to_late":0,"denda_updated":0,"errors":[]}
[2026-01-27 01:01:49] Auto-update by USER: User Peminjam
  Updates: {"approved_to_ongoing":0,"ongoing_to_late":0,"denda_updated":0,"errors":[]}
[2026-01-27 01:10:58] Auto-update by USER: User Peminjam
  Updates: {"approved_to_ongoing":0,"ongoing_to_late":0,"denda_updated":0,"errors":[]}
[2026-01-27 01:32:57] Auto-update by USER: User Peminjam
  Updates: {"approved_to_ongoing":0,"ongoing_to_late":0,"denda_updated":0,"errors":[]}
[2026-01-27 01:57:16] Auto-update by USER: User Peminjam
  Updates: {"approved_to_ongoing":0,"ongoing_to_late":0,"denda_updated":0,"errors":[]}
[2026-01-27 02:09:57] Auto-update by USER: User Peminjam
  Updates: {"approved_to_ongoing":0,"ongoing_to_late":0,"denda_updated":0,"errors":[]}
[2026-01-27 02:16:13] Auto-update by USER: User Peminjam
  Updates: {"approved_to_ongoing":0,"ongoing_to_late":0,"denda_updated":0,"errors":[]}
[2026-01-27 02:29:47] Auto-update by USER: User Peminjam
  Updates: {"approved_to_ongoing":0,"ongoing_to_late":0,"denda_updated":0,"errors":[]}
[2026-01-27 03:10:11] Auto-update by USER: User Peminjam
  Updates: {"approved_to_ongoing":0,"ongoing_to_late":0,"denda_updated":0,"errors":[]}
[2026-01-27 03:11:03] Auto-update executed by: Administrator
  - Approved→Ongoing: 0
  - Ongoing→Late: 0
  - Denda Updated: 0
--------------------------------------------------
[2026-01-27 03:22:38] Auto-update by USER: User Peminjam
  Updates: {"approved_to_ongoing":0,"ongoing_to_late":0,"denda_updated":0,"errors":[]}
[2026-01-27 03:47:51] Auto-update by USER: User Peminjam
  Updates: {"approved_to_ongoing":0,"ongoing_to_late":0,"denda_updated":0,"errors":[]}
[2026-01-27 03:57:41] Auto-update by USER: User Peminjam
  Updates: {"approved_to_ongoing":0,"ongoing_to_late":0,"denda_updated":0,"errors":[]}
[2026-01-27 04:02:03] Auto-update executed by: Administrator
  - Approved→Ongoing: 0
  - Ongoing→Late: 0
  - Denda Updated: 0
--------------------------------------------------
[2026-01-27 04:07:55] Auto-update executed by: Administrator
  - Approved→Ongoing: 0
  - Ongoing→Late: 0
  - Denda Updated: 0
--------------------------------------------------
[2026-01-27 04:08:28] Auto-update by USER: User Peminjam
  Updates: {"approved_to_ongoing":0,"ongoing_to_late":0,"denda_updated":0,"errors":[]}
[2026-01-27 04:08:46] Auto-update by USER: User Peminjam
  Updates: {"approved_to_ongoing":0,"ongoing_to_late":0,"denda_updated":0,"errors":[]}
[2026-01-27 04:08:48] Auto-update by USER: User Peminjam
  Updates: {"approved_to_ongoing":0,"ongoing_to_late":0,"denda_updated":0,"errors":[]}
[2026-01-27 04:09:37] Auto-update by USER: User Peminjam
  Updates: {"approved_to_ongoing":0,"ongoing_to_late":0,"denda_updated":0,"errors":[]}
[2026-01-27 04:09:39] Auto-update by USER: User Peminjam
  Updates: {"approved_to_ongoing":0,"ongoing_to_late":0,"denda_updated":0,"errors":[]}
[2026-01-27 04:09:40] Auto-update by USER: User Peminjam
  Updates: {"approved_to_ongoing":0,"ongoing_to_late":0,"denda_updated":0,"errors":[]}
[2026-01-27 04:09:42] Auto-update by USER: User Peminjam
  Updates: {"approved_to_ongoing":0,"ongoing_to_late":0,"denda_updated":0,"errors":[]}
[2026-01-27 04:10:38] Auto-update by USER: User Peminjam
  Updates: {"approved_to_ongoing":0,"ongoing_to_late":0,"denda_updated":0,"errors":[]}
[2026-01-27 04:10:39] Auto-update by USER: User Peminjam
  Updates: {"approved_to_ongoing":0,"ongoing_to_late":0,"denda_updated":0,"errors":[]}
[2026-01-27 04:10:39] Auto-update by USER: User Peminjam
  Updates: {"approved_to_ongoing":0,"ongoing_to_late":0,"denda_updated":0,"errors":[]}
[2026-01-27 04:10:58] Auto-update by USER: User Peminjam
  Updates: {"approved_to_ongoing":0,"ongoing_to_late":0,"denda_updated":0,"errors":[]}
[2026-01-27 04:16:49] Auto-update by USER: User Peminjam
  Updates: {"approved_to_ongoing":0,"ongoing_to_late":0,"denda_updated":0,"errors":[]}
[2026-01-27 04:17:21] Auto-update executed by: Administrator
  - Approved→Ongoing: 0
  - Ongoing→Late: 0
  - Denda Updated: 0
--------------------------------------------------
[2026-01-27 04:18:30] Auto-update by USER: User Peminjam
  Updates: {"approved_to_ongoing":0,"ongoing_to_late":0,"denda_updated":0,"errors":[]}
[2026-01-27 04:18:32] Auto-update by USER: User Peminjam
  Updates: {"approved_to_ongoing":0,"ongoing_to_late":0,"denda_updated":0,"errors":[]}
[2026-01-27 04:18:51] Auto-update by USER: User Peminjam
  Updates: {"approved_to_ongoing":0,"ongoing_to_late":0,"denda_updated":0,"errors":[]}
[2026-01-27 04:18:53] Auto-update by USER: User Peminjam
  Updates: {"approved_to_ongoing":0,"ongoing_to_late":0,"denda_updated":0,"errors":[]}
[2026-01-27 04:19:20] Auto-update by USER: User Peminjam
  Updates: {"approved_to_ongoing":0,"ongoing_to_late":0,"denda_updated":0,"errors":[]}
[2026-01-27 04:19:23] Auto-update by USER: User Peminjam
  Updates: {"approved_to_ongoing":0,"ongoing_to_late":0,"denda_updated":0,"errors":[]}
[2026-01-27 04:19:25] Auto-update by USER: User Peminjam
  Updates: {"approved_to_ongoing":0,"ongoing_to_late":0,"denda_updated":0,"errors":[]}
[2026-01-27 04:22:02] Auto-update by USER: User Peminjam
  Updates: {"approved_to_ongoing":0,"ongoing_to_late":0,"denda_updated":0,"errors":[]}
[2026-01-27 04:25:39] Auto-update by USER: User Peminjam
  Updates: {"approved_to_ongoing":0,"ongoing_to_late":0,"denda_updated":0,"errors":[]}
[2026-01-27 04:25:40] Auto-update by USER: User Peminjam
  Updates: {"approved_to_ongoing":0,"ongoing_to_late":0,"denda_updated":0,"errors":[]}
[2026-01-27 04:27:45] Auto-update by USER: User Peminjam
  Updates: {"approved_to_ongoing":2,"ongoing_to_late":0,"denda_updated":0,"errors":[]}
[2026-01-27 04:28:32] Auto-update by USER: User Peminjam
  Updates: {"approved_to_ongoing":0,"ongoing_to_late":0,"denda_updated":0,"errors":[]}
[2026-01-27 04:29:02] Auto-update executed by: Administrator
  - Approved→Ongoing: 0
  - Ongoing→Late: 0
  - Denda Updated: 0
--------------------------------------------------
[2026-01-27 04:29:58] Auto-update by USER: User Peminjam
  Updates: {"approved_to_ongoing":1,"ongoing_to_late":0,"denda_updated":0,"errors":[]}
[2026-01-27 04:30:06] Auto-update by USER: User Peminjam
  Updates: {"approved_to_ongoing":0,"ongoing_to_late":0,"denda_updated":0,"errors":[]}
[2026-01-27 05:26:05] Auto-update by USER: User Peminjam
  Updates: {"approved_to_ongoing":0,"ongoing_to_late":0,"denda_updated":0,"errors":[]}
[2026-01-27 05:26:20] Auto-update by USER: User Peminjam
  Updates: {"approved_to_ongoing":0,"ongoing_to_late":0,"denda_updated":0,"errors":[]}
[2026-01-27 05:27:25] Auto-update by USER: User Peminjam
  Updates: {"approved_to_ongoing":0,"ongoing_to_late":0,"denda_updated":0,"errors":[]}
[2026-01-27 05:27:33] Auto-update by USER: User Peminjam
  Updates: {"approved_to_ongoing":0,"ongoing_to_late":0,"denda_updated":0,"errors":[]}
[2026-01-27 05:27:36] Auto-update by USER: User Peminjam
  Updates: {"approved_to_ongoing":0,"ongoing_to_late":0,"denda_updated":0,"errors":[]}
[2026-01-27 05:27:55] Auto-update by USER: User Peminjam
  Updates: {"approved_to_ongoing":0,"ongoing_to_late":0,"denda_updated":0,"errors":[]}
[2026-01-27 05:34:02] Auto-update by USER: User Peminjam
  Updates: {"approved_to_ongoing":0,"ongoing_to_late":0,"denda_updated":0,"errors":[]}
[2026-01-27 05:35:46] Auto-update by USER: User Peminjam
  Updates: {"approved_to_ongoing":0,"ongoing_to_late":0,"denda_updated":0,"errors":[]}
[2026-01-27 05:35:49] Auto-update by USER: User Peminjam
  Updates: {"approved_to_ongoing":0,"ongoing_to_late":0,"denda_updated":0,"errors":[]}
[2026-01-27 05:35:52] Auto-update by USER: User Peminjam
  Updates: {"approved_to_ongoing":0,"ongoing_to_late":0,"denda_updated":0,"errors":[]}
[2026-01-27 05:36:01] Auto-update by USER: User Peminjam
  Updates: {"approved_to_ongoing":0,"ongoing_to_late":0,"denda_updated":0,"errors":[]}
[2026-01-27 05:36:05] Auto-update by USER: User Peminjam
  Updates: {"approved_to_ongoing":0,"ongoing_to_late":0,"denda_updated":0,"errors":[]}
[2026-01-27 05:37:30] Auto-update executed by: Administrator
  - Approved→Ongoing: 0
  - Ongoing→Late: 0
  - Denda Updated: 0
--------------------------------------------------
[2026-01-27 05:38:00] Auto-update by USER: User Peminjam
  Updates: {"approved_to_ongoing":0,"ongoing_to_late":0,"denda_updated":0,"errors":[]}
[2026-01-27 05:38:03] Auto-update by USER: User Peminjam
  Updates: {"approved_to_ongoing":0,"ongoing_to_late":0,"denda_updated":0,"errors":[]}
[2026-01-27 05:41:24] Auto-update by USER: User Peminjam
  Updates: {"approved_to_ongoing":0,"ongoing_to_late":0,"denda_updated":0,"errors":[]}
[2026-01-27 06:50:06] Auto-update executed by: Administrator
  - Approved→Ongoing: 0
  - Ongoing→Late: 0
  - Denda Updated: 0
--------------------------------------------------
[2026-01-27 06:51:59] Auto-update by USER: User Peminjam
  Updates: {"approved_to_ongoing":0,"ongoing_to_late":0,"denda_updated":0,"errors":[]}
[2026-01-27 10:59:01] Auto-update executed by: User Peminjam
  - Approved→Ongoing: 0
  - Ongoing→Late: 0
  - Denda Updated: 0
--------------------------------------------------
[2026-01-27 11:11:59] Auto-update executed by: User Peminjam
  - Approved→Ongoing: 0
  - Ongoing→Late: 0
  - Denda Updated: 0
--------------------------------------------------
[2026-01-27 11:32:59] Auto-update by USER: Asyifa Lutfi
  Updates: {"approved_to_ongoing":0,"ongoing_to_late":0,"denda_updated":0,"errors":[]}
[2026-01-27 11:44:30] Auto-update by USER: User Peminjam
  Updates: {"approved_to_ongoing":0,"ongoing_to_late":0,"denda_updated":0,"errors":[]}
[2026-01-27 12:39:26] Auto-update by USER: Budi Hartono
  Updates: {"approved_to_ongoing":0,"ongoing_to_late":0,"denda_updated":0,"errors":[]}
[2026-01-27 12:40:12] Auto-update executed by: Administrator
  - Approved→Ongoing: 0
  - Ongoing→Late: 0
  - Denda Updated: 0
--------------------------------------------------
[2026-01-27 13:53:04] Auto-update by USER: Budi Hartono
  Updates: {"approved_to_ongoing":0,"ongoing_to_late":0,"denda_updated":0,"errors":[]}
[2026-01-27 13:53:35] Auto-update executed by: Administrator
  - Approved→Ongoing: 0
  - Ongoing→Late: 0
  - Denda Updated: 0
--------------------------------------------------
[2026-01-27 13:58:09] Auto-update by USER: Budi Hartono
  Updates: {"approved_to_ongoing":0,"ongoing_to_late":0,"denda_updated":0,"errors":[]}
[2026-01-27 13:58:18] Auto-update by USER: Budi Hartono
  Updates: {"approved_to_ongoing":0,"ongoing_to_late":0,"denda_updated":0,"errors":[]}
[2026-01-27 14:08:19] Auto-update by USER: Budi Hartono
  Updates: {"approved_to_ongoing":0,"ongoing_to_late":0,"denda_updated":0,"errors":[]}
[2026-01-27 14:08:31] Auto-update by USER: Budi Hartono
  Updates: {"approved_to_ongoing":0,"ongoing_to_late":0,"denda_updated":0,"errors":[]}
[2026-01-27 14:09:09] Auto-update by USER: Budi Hartono
  Updates: {"approved_to_ongoing":0,"ongoing_to_late":0,"denda_updated":0,"errors":[]}
[2026-01-27 14:09:51] Auto-update by USER: Budi Hartono
  Updates: {"approved_to_ongoing":0,"ongoing_to_late":0,"denda_updated":0,"errors":[]}
[2026-01-27 14:09:58] Auto-update by USER: Budi Hartono
  Updates: {"approved_to_ongoing":0,"ongoing_to_late":0,"denda_updated":0,"errors":[]}
[2026-01-27 14:13:31] Auto-update by USER: Budi Hartono
  Updates: {"approved_to_ongoing":0,"ongoing_to_late":0,"denda_updated":0,"errors":[]}
[2026-01-27 14:13:38] Auto-update by USER: Budi Hartono
  Updates: {"approved_to_ongoing":0,"ongoing_to_late":0,"denda_updated":0,"errors":[]}
[2026-01-27 14:13:39] Auto-update by USER: Budi Hartono
  Updates: {"approved_to_ongoing":0,"ongoing_to_late":0,"denda_updated":0,"errors":[]}
[2026-01-27 14:13:42] Auto-update by USER: Budi Hartono
  Updates: {"approved_to_ongoing":0,"ongoing_to_late":0,"denda_updated":0,"errors":[]}
[2026-01-27 14:13:47] Auto-update executed by: Administrator
  - Approved→Ongoing: 0
  - Ongoing→Late: 0
  - Denda Updated: 0
--------------------------------------------------
[2026-01-27 14:14:30] Auto-update by USER: Budi Hartono
  Updates: {"approved_to_ongoing":1,"ongoing_to_late":0,"denda_updated":0,"errors":[]}
[2026-01-27 14:15:07] Auto-update by USER: Budi Hartono
  Updates: {"approved_to_ongoing":0,"ongoing_to_late":0,"denda_updated":0,"errors":[]}
[2026-01-27 14:20:34] Auto-update by USER: Budi Hartono
  Updates: {"approved_to_ongoing":0,"ongoing_to_late":0,"denda_updated":0,"errors":[]}
[2026-01-27 14:20:45] Auto-update by USER: Budi Hartono
  Updates: {"approved_to_ongoing":0,"ongoing_to_late":0,"denda_updated":0,"errors":[]}
[2026-01-27 14:22:20] Auto-update by USER: Budi Hartono
  Updates: {"approved_to_ongoing":0,"ongoing_to_late":0,"denda_updated":0,"errors":[]}
[2026-01-27 14:24:55] Auto-update by USER: Budi Hartono
  Updates: {"approved_to_ongoing":0,"ongoing_to_late":0,"denda_updated":0,"errors":[]}
[2026-01-27 14:28:23] Auto-update executed by: Administrator
  - Approved→Ongoing: 0
  - Ongoing→Late: 0
  - Denda Updated: 0
--------------------------------------------------
[2026-01-27 14:32:15] Auto-update by USER: Budi Hartono
  Updates: {"approved_to_ongoing":0,"ongoing_to_late":0,"denda_updated":0,"errors":[]}
[2026-01-27 14:32:28] Auto-update by USER: Budi Hartono
  Updates: {"approved_to_ongoing":0,"ongoing_to_late":0,"denda_updated":0,"errors":[]}
[2026-01-27 14:33:59] Auto-update by USER: Budi Hartono
  Updates: {"approved_to_ongoing":0,"ongoing_to_late":0,"denda_updated":0,"errors":[]}
[2026-01-27 14:34:33] Auto-update by USER: Budi Hartono
  Updates: {"approved_to_ongoing":0,"ongoing_to_late":0,"denda_updated":0,"errors":[]}
[2026-01-27 14:39:45] Auto-update by USER: Budi Hartono
  Updates: {"approved_to_ongoing":0,"ongoing_to_late":0,"denda_updated":0,"errors":[]}
[2026-01-27 14:41:02] Auto-update by USER: Budi Hartono
  Updates: {"approved_to_ongoing":0,"ongoing_to_late":0,"denda_updated":0,"errors":[]}
[2026-01-27 14:41:21] Auto-update by USER: Budi Hartono
  Updates: {"approved_to_ongoing":0,"ongoing_to_late":0,"denda_updated":0,"errors":[]}
[2026-01-27 14:41:23] Auto-update by USER: Budi Hartono
  Updates: {"approved_to_ongoing":0,"ongoing_to_late":0,"denda_updated":0,"errors":[]}
[2026-01-27 14:42:52] Auto-update by USER: Budi Hartono
  Updates: {"approved_to_ongoing":0,"ongoing_to_late":0,"denda_updated":0,"errors":[]}
[2026-01-27 14:46:18] Auto-update executed by: Administrator
  - Approved→Ongoing: 0
  - Ongoing→Late: 0
  - Denda Updated: 0
--------------------------------------------------
[2026-01-27 14:52:05] Auto-update executed by: Administrator
  - Approved→Ongoing: 0
  - Ongoing→Late: 0
  - Denda Updated: 0
--------------------------------------------------
[2026-01-27 14:59:11] Auto-update executed by: Administrator
  - Approved→Ongoing: 0
  - Ongoing→Late: 0
  - Denda Updated: 0
--------------------------------------------------
[2026-01-27 15:12:43] Auto-update by USER: Budi Hartono
  Updates: {"approved_to_ongoing":0,"ongoing_to_late":0,"denda_updated":0,"errors":[]}
[2026-01-27 15:25:16] Auto-update executed by: Administrator
  - Approved→Ongoing: 0
  - Ongoing→Late: 0
  - Denda Updated: 0
--------------------------------------------------
[2026-01-27 15:37:41] Auto-update executed by: Administrator
  - Approved→Ongoing: 0
  - Ongoing→Late: 0
  - Denda Updated: 0
--------------------------------------------------
[2026-01-27 15:42:52] Auto-update executed by: Administrator
  - Approved→Ongoing: 0
  - Ongoing→Late: 0
  - Denda Updated: 0
--------------------------------------------------
[2026-01-27 15:54:26] Auto-update executed by: Administrator
  - Approved→Ongoing: 0
  - Ongoing→Late: 0
  - Denda Updated: 0
--------------------------------------------------
[2026-01-27 17:05:53] Auto-update executed by: Administrator
  - Approved→Ongoing: 0
  - Ongoing→Late: 0
  - Denda Updated: 0
--------------------------------------------------
[2026-01-27 20:52:12] Auto-update executed by: Administrator
  - Approved→Ongoing: 0
  - Ongoing→Late: 0
  - Denda Updated: 0
--------------------------------------------------
[2026-01-27 20:55:46] Auto-update by USER: Budi Hartono
  Updates: {"approved_to_ongoing":0,"ongoing_to_late":0,"denda_updated":0,"errors":[]}
[2026-01-27 21:00:33] Auto-update by USER: Budi Hartono
  Updates: {"approved_to_ongoing":0,"ongoing_to_late":0,"denda_updated":0,"errors":[]}
[2026-01-27 21:01:59] Auto-update by USER: Budi Hartono
  Updates: {"approved_to_ongoing":0,"ongoing_to_late":0,"denda_updated":0,"errors":[]}
[2026-01-27 21:09:56] Auto-update by USER: Budi Hartono
  Updates: {"approved_to_ongoing":0,"ongoing_to_late":0,"denda_updated":0,"errors":[]}
[2026-01-27 22:28:54] Auto-update executed by: Administrator
  - Approved→Ongoing: 0
  - Ongoing→Late: 0
  - Denda Updated: 0
--------------------------------------------------
[2026-01-27 22:57:34] Auto-update by USER: Budi Hartono
  Updates: {"approved_to_ongoing":0,"ongoing_to_late":0,"denda_updated":0,"errors":[]}
[2026-01-27 22:57:55] Auto-update by USER: Budi Hartono
  Updates: {"approved_to_ongoing":0,"ongoing_to_late":0,"denda_updated":0,"errors":[]}
[2026-01-27 22:58:50] Auto-update executed by: Administrator
  - Approved→Ongoing: 0
  - Ongoing→Late: 0
  - Denda Updated: 0
--------------------------------------------------
[2026-01-27 22:59:19] Auto-update by USER: Budi Hartono
  Updates: {"approved_to_ongoing":1,"ongoing_to_late":0,"denda_updated":0,"errors":[]}
[2026-01-27 23:05:03] Auto-update by USER: Budi Hartono
  Updates: {"approved_to_ongoing":0,"ongoing_to_late":0,"denda_updated":0,"errors":[]}
[2026-01-27 23:05:20] Auto-update executed by: Administrator
  - Approved→Ongoing: 0
  - Ongoing→Late: 0
  - Denda Updated: 0
--------------------------------------------------
[2026-01-27 23:06:08] Auto-update by USER: Budi Hartono
  Updates: {"approved_to_ongoing":1,"ongoing_to_late":0,"denda_updated":0,"errors":[]}
[2026-01-27 23:15:33] Auto-update by USER: Budi Hartono
  Updates: {"approved_to_ongoing":0,"ongoing_to_late":0,"denda_updated":0,"errors":[]}
[2026-01-27 23:15:33] Auto-update by USER: Budi Hartono
  Updates: {"approved_to_ongoing":0,"ongoing_to_late":0,"denda_updated":0,"errors":[]}
[2026-01-27 23:16:19] Auto-update executed by: Administrator
  - Approved→Ongoing: 0
  - Ongoing→Late: 0
  - Denda Updated: 0
--------------------------------------------------
[2026-01-27 23:21:51] Auto-update executed by: Administrator
  - Approved→Ongoing: 0
  - Ongoing→Late: 0
  - Denda Updated: 0
--------------------------------------------------
[2026-01-27 23:27:43] Auto-update by USER: Budi Hartono
  Updates: {"approved_to_ongoing":0,"ongoing_to_late":0,"denda_updated":0,"errors":[]}
[2026-01-27 23:29:49] Auto-update by USER: Budi Hartono
  Updates: {"approved_to_ongoing":0,"ongoing_to_late":0,"denda_updated":0,"errors":[]}
[2026-01-27 23:30:03] Auto-update executed by: Administrator
  - Approved→Ongoing: 0
  - Ongoing→Late: 0
  - Denda Updated: 0
--------------------------------------------------
[2026-01-27 23:30:56] Auto-update by USER: Budi Hartono
  Updates: {"approved_to_ongoing":1,"ongoing_to_late":0,"denda_updated":0,"errors":[]}
[2026-01-27 23:30:59] Auto-update by USER: Budi Hartono
  Updates: {"approved_to_ongoing":0,"ongoing_to_late":0,"denda_updated":0,"errors":[]}
[2026-01-27 23:31:00] Auto-update by USER: Budi Hartono
  Updates: {"approved_to_ongoing":0,"ongoing_to_late":0,"denda_updated":0,"errors":[]}
[2026-01-27 23:31:01] Auto-update by USER: Budi Hartono
  Updates: {"approved_to_ongoing":0,"ongoing_to_late":0,"denda_updated":0,"errors":[]}
[2026-01-27 23:44:25] Auto-update by USER: Budi Hartono
  Updates: {"approved_to_ongoing":0,"ongoing_to_late":0,"denda_updated":0,"errors":[]}
[2026-01-27 23:45:24] Auto-update by USER: Budi Hartono
  Updates: {"approved_to_ongoing":0,"ongoing_to_late":0,"denda_updated":0,"errors":[]}
[2026-01-27 23:45:47] Auto-update by USER: Budi Hartono
  Updates: {"approved_to_ongoing":0,"ongoing_to_late":0,"denda_updated":0,"errors":[]}
[2026-01-27 23:46:16] Auto-update executed by: Administrator
  - Approved→Ongoing: 0
  - Ongoing→Late: 0
  - Denda Updated: 0
--------------------------------------------------
[2026-01-27 23:51:32] Auto-update by USER: Budi Hartono
  Updates: {"approved_to_ongoing":0,"ongoing_to_late":0,"denda_updated":0,"errors":[]}
[2026-01-27 23:51:36] Auto-update by USER: Budi Hartono
  Updates: {"approved_to_ongoing":0,"ongoing_to_late":0,"denda_updated":0,"errors":[]}
[2026-01-27 23:57:07] Auto-update by USER: Budi Hartono
  Updates: {"approved_to_ongoing":0,"ongoing_to_late":0,"denda_updated":0,"errors":[]}
[2026-01-27 23:58:36] Auto-update by USER: Budi Hartono
  Updates: {"approved_to_ongoing":0,"ongoing_to_late":0,"denda_updated":0,"errors":[]}
[2026-01-28 08:50:29] Auto-update executed by: Administrator
  - Approved→Ongoing: 0
  - Ongoing→Late: 0
  - Denda Updated: 0
--------------------------------------------------
[2026-01-28 08:52:19] Auto-update by USER: Budi Hartono
  Updates: {"approved_to_ongoing":0,"ongoing_to_late":0,"denda_updated":0,"errors":[]}
[2026-01-28 08:52:53] Auto-update by USER: Budi Hartono
  Updates: {"approved_to_ongoing":0,"ongoing_to_late":0,"denda_updated":0,"errors":[]}
[2026-01-28 08:58:20] Auto-update executed by: Administrator
  - Approved→Ongoing: 0
  - Ongoing→Late: 0
  - Denda Updated: 0
--------------------------------------------------
[2026-01-28 09:05:32] Auto-update executed by: Administrator
  - Approved→Ongoing: 0
  - Ongoing→Late: 0
  - Denda Updated: 0
--------------------------------------------------
[2026-01-28 09:11:06] Auto-update by USER: Budi Hartono
  Updates: {"approved_to_ongoing":0,"ongoing_to_late":0,"denda_updated":0,"errors":[]}
[2026-01-28 09:21:13] Auto-update executed by: Administrator
  - Approved→Ongoing: 0
  - Ongoing→Late: 0
  - Denda Updated: 0
--------------------------------------------------
[2026-01-28 09:23:52] Auto-update by USER: Budi Hartono
  Updates: {"approved_to_ongoing":0,"ongoing_to_late":0,"denda_updated":0,"errors":[]}
[2026-01-28 10:13:13] Auto-update by USER: Budi Hartono
  Updates: {"approved_to_ongoing":0,"ongoing_to_late":0,"denda_updated":0,"errors":[]}
[2026-01-28 10:13:35] Auto-update by USER: Budi Hartono
  Updates: {"approved_to_ongoing":0,"ongoing_to_late":0,"denda_updated":0,"errors":[]}
[2026-01-28 10:15:27] Auto-update executed by: Administrator
  - Approved→Ongoing: 0
  - Ongoing→Late: 0
  - Denda Updated: 0
--------------------------------------------------
[2026-01-28 10:17:47] Auto-update by USER: Budi Hartono
  Updates: {"approved_to_ongoing":0,"ongoing_to_late":0,"denda_updated":0,"errors":[]}
[2026-01-28 10:19:22] Auto-update by USER: Budi Hartono
  Updates: {"approved_to_ongoing":1,"ongoing_to_late":0,"denda_updated":0,"errors":[]}
[2026-01-28 10:20:39] Auto-update executed by: Administrator
  - Approved→Ongoing: 0
  - Ongoing→Late: 0
  - Denda Updated: 0
--------------------------------------------------
[2026-01-28 10:21:49] Auto-update by USER: Budi Hartono
  Updates: {"approved_to_ongoing":0,"ongoing_to_late":0,"denda_updated":0,"errors":[]}
[2026-01-28 10:22:27] Auto-update by USER: Budi Hartono
  Updates: {"approved_to_ongoing":0,"ongoing_to_late":0,"denda_updated":0,"errors":[]}
[2026-01-28 10:23:38] Auto-update by USER: Budi Hartono
  Updates: {"approved_to_ongoing":0,"ongoing_to_late":0,"denda_updated":0,"errors":[]}
[2026-01-28 14:17:21] Auto-update executed by: Administrator
  - Approved→Ongoing: 0
  - Ongoing→Late: 0
  - Denda Updated: 0
--------------------------------------------------
[2026-01-28 14:33:48] Auto-update by USER: Inventory Manager
  Updates: {"approved_to_ongoing":0,"ongoing_to_late":0,"denda_updated":0,"errors":[]}
[2026-01-28 14:33:51] Auto-update by USER: Inventory Manager
  Updates: {"approved_to_ongoing":0,"ongoing_to_late":0,"denda_updated":0,"errors":[]}
[2026-01-28 14:37:27] Auto-update by USER: Inventory Manager
  Updates: {"approved_to_ongoing":0,"ongoing_to_late":0,"denda_updated":0,"errors":[]}
[2026-01-28 14:37:34] Auto-update by USER: Inventory Manager
  Updates: {"approved_to_ongoing":0,"ongoing_to_late":0,"denda_updated":0,"errors":[]}
[2026-01-28 14:37:43] Auto-update by USER: Inventory Manager
  Updates: {"approved_to_ongoing":0,"ongoing_to_late":0,"denda_updated":0,"errors":[]}
[2026-01-28 14:37:45] Auto-update by USER: Inventory Manager
  Updates: {"approved_to_ongoing":0,"ongoing_to_late":0,"denda_updated":0,"errors":[]}
[2026-01-28 14:39:56] Auto-update executed by: Inventory Manager
  - Approved→Ongoing: 0
  - Ongoing→Late: 0
  - Denda Updated: 0
--------------------------------------------------
[2026-01-28 14:43:19] Auto-update by USER: Kepala HR
  Updates: {"approved_to_ongoing":0,"ongoing_to_late":0,"denda_updated":0,"errors":[]}
[2026-01-28 15:22:32] Auto-update by USER: Kepala HR
  Updates: {"approved_to_ongoing":0,"ongoing_to_late":0,"denda_updated":0,"errors":[]}
[2026-01-28 15:23:29] Auto-update executed by: Inventory Manager
  - Approved→Ongoing: 0
  - Ongoing→Late: 0
  - Denda Updated: 0
--------------------------------------------------
[2026-01-28 22:34:24] Auto-update by USER: Kepala HR
  Updates: {"approved_to_ongoing":0,"ongoing_to_late":0,"denda_updated":0,"errors":[]}
[2026-01-28 22:44:41] Auto-update by USER: Kepala HR
  Updates: {"approved_to_ongoing":0,"ongoing_to_late":0,"denda_updated":0,"errors":[]}
[2026-01-28 22:44:45] Auto-update by USER: Kepala HR
  Updates: {"approved_to_ongoing":0,"ongoing_to_late":0,"denda_updated":0,"errors":[]}
[2026-01-28 22:44:53] Auto-update by USER: Kepala HR
  Updates: {"approved_to_ongoing":0,"ongoing_to_late":0,"denda_updated":0,"errors":[]}
[2026-01-28 22:45:22] Auto-update by USER: Kepala HR
  Updates: {"approved_to_ongoing":0,"ongoing_to_late":0,"denda_updated":0,"errors":[]}
[2026-01-28 22:50:36] Auto-update by USER: Kepala HR
  Updates: {"approved_to_ongoing":0,"ongoing_to_late":0,"denda_updated":0,"errors":[]}
[2026-01-28 22:54:43] Auto-update by USER: Kepala HR
  Updates: {"approved_to_ongoing":0,"ongoing_to_late":0,"denda_updated":0,"errors":[]}
[2026-01-28 22:55:29] Auto-update by USER: Kepala HR
  Updates: {"approved_to_ongoing":0,"ongoing_to_late":0,"denda_updated":0,"errors":[]}
[2026-01-28 23:11:03] Auto-update by USER: Kepala HR
  Updates: {"approved_to_ongoing":0,"ongoing_to_late":0,"denda_updated":0,"errors":[]}
[2026-01-28 23:11:12] Auto-update executed by: Inventory Manager
  - Approved→Ongoing: 0
  - Ongoing→Late: 0
  - Denda Updated: 0
--------------------------------------------------
[2026-01-28 23:12:39] Auto-update by USER: Kepala HR
  Updates: {"approved_to_ongoing":0,"ongoing_to_late":0,"denda_updated":0,"errors":[]}
[2026-01-28 23:14:13] Auto-update by USER: Kepala HR
  Updates: {"approved_to_ongoing":0,"ongoing_to_late":0,"denda_updated":0,"errors":[]}
[2026-01-28 23:16:22] Auto-update executed by: Inventory Manager
  - Approved→Ongoing: 1
  - Ongoing→Late: 0
  - Denda Updated: 0
--------------------------------------------------
[2026-01-28 23:17:36] Auto-update by USER: Kepala HR
  Updates: {"approved_to_ongoing":0,"ongoing_to_late":0,"denda_updated":0,"errors":[]}
[2026-01-28 23:18:23] Auto-update by USER: Kepala HR
  Updates: {"approved_to_ongoing":0,"ongoing_to_late":0,"denda_updated":0,"errors":[]}
[2026-01-29 00:07:24] Auto-update executed by: Inventory Manager
  - Approved→Ongoing: 1
  - Ongoing→Late: 0
  - Denda Updated: 0
--------------------------------------------------
[2026-01-29 00:12:58] Auto-update executed by: Inventory Manager
  - Approved→Ongoing: 0
  - Ongoing→Late: 0
  - Denda Updated: 0
--------------------------------------------------
[2026-01-29 00:22:25] Auto-update executed by: Inventory Manager
  - Approved→Ongoing: 0
  - Ongoing→Late: 0
  - Denda Updated: 0
--------------------------------------------------
[2026-01-29 00:32:43] Auto-update executed by: Inventory Manager
  - Approved→Ongoing: 0
  - Ongoing→Late: 0
  - Denda Updated: 0
--------------------------------------------------
[2026-01-29 00:36:38] Auto-update by USER: Kepala HR
  Updates: {"approved_to_ongoing":0,"ongoing_to_late":0,"denda_updated":0,"errors":[]}
[2026-01-29 00:36:53] Auto-update by USER: Kepala HR
  Updates: {"approved_to_ongoing":0,"ongoing_to_late":0,"denda_updated":0,"errors":[]}
[2026-01-29 00:37:01] Auto-update by USER: Kepala HR
  Updates: {"approved_to_ongoing":0,"ongoing_to_late":0,"denda_updated":0,"errors":[]}
[2026-01-29 00:41:51] Auto-update executed by: Inventory Manager
  - Approved→Ongoing: 0
  - Ongoing→Late: 0
  - Denda Updated: 0
--------------------------------------------------
[2026-01-29 00:44:27] Auto-update by USER: Kepala HR
  Updates: {"approved_to_ongoing":0,"ongoing_to_late":0,"denda_updated":0,"errors":[]}
[2026-01-29 00:44:43] Auto-update by USER: Kepala HR
  Updates: {"approved_to_ongoing":0,"ongoing_to_late":0,"denda_updated":0,"errors":[]}
[2026-01-29 00:46:50] Auto-update by USER: Kepala HR
  Updates: {"approved_to_ongoing":1,"ongoing_to_late":0,"denda_updated":0,"errors":[]}
[2026-01-29 00:49:11] Auto-update executed by: Inventory Manager
  - Approved→Ongoing: 0
  - Ongoing→Late: 0
  - Denda Updated: 0
--------------------------------------------------
[2026-01-29 00:50:39] Auto-update by USER: Kepala HR
  Updates: {"approved_to_ongoing":0,"ongoing_to_late":0,"denda_updated":0,"errors":[]}
[2026-01-29 00:51:42] Auto-update by USER: Kepala HR
  Updates: {"approved_to_ongoing":0,"ongoing_to_late":0,"denda_updated":0,"errors":[]}
[2026-01-29 00:51:58] Auto-update by USER: Kepala HR
  Updates: {"approved_to_ongoing":0,"ongoing_to_late":0,"denda_updated":0,"errors":[]}
[2026-01-29 00:52:36] Auto-update by USER: Kepala HR
  Updates: {"approved_to_ongoing":0,"ongoing_to_late":0,"denda_updated":0,"errors":[]}
[2026-01-29 00:52:49] Auto-update by USER: Kepala HR
  Updates: {"approved_to_ongoing":0,"ongoing_to_late":0,"denda_updated":0,"errors":[]}
[2026-01-29 00:52:54] Auto-update by USER: Kepala HR
  Updates: {"approved_to_ongoing":0,"ongoing_to_late":0,"denda_updated":0,"errors":[]}
[2026-01-29 00:56:53] Auto-update by USER: Kepala HR
  Updates: {"approved_to_ongoing":0,"ongoing_to_late":0,"denda_updated":0,"errors":[]}
[2026-01-29 00:57:01] Auto-update by USER: Kepala HR
  Updates: {"approved_to_ongoing":0,"ongoing_to_late":0,"denda_updated":0,"errors":[]}
[2026-01-29 01:05:25] Auto-update by USER: Kepala HR
  Updates: {"approved_to_ongoing":0,"ongoing_to_late":0,"denda_updated":0,"errors":[]}
[2026-01-29 01:11:49] Auto-update by USER: Kepala HR
  Updates: {"approved_to_ongoing":0,"ongoing_to_late":0,"denda_updated":0,"errors":[]}
[2026-01-29 01:13:34] Auto-update by USER: Kepala HR
  Updates: {"approved_to_ongoing":0,"ongoing_to_late":0,"denda_updated":0,"errors":[]}
[2026-01-29 01:14:17] Auto-update by USER: Kepala HR
  Updates: {"approved_to_ongoing":0,"ongoing_to_late":0,"denda_updated":0,"errors":[]}
[2026-01-29 01:14:27] Auto-update by USER: Kepala HR
  Updates: {"approved_to_ongoing":0,"ongoing_to_late":0,"denda_updated":0,"errors":[]}
[2026-01-29 01:14:40] Auto-update by USER: Kepala HR
  Updates: {"approved_to_ongoing":0,"ongoing_to_late":0,"denda_updated":0,"errors":[]}
[2026-01-29 01:14:46] Auto-update by USER: Kepala HR
  Updates: {"approved_to_ongoing":0,"ongoing_to_late":0,"denda_updated":0,"errors":[]}
[2026-01-29 01:16:43] Auto-update by USER: Kepala HR
  Updates: {"approved_to_ongoing":0,"ongoing_to_late":0,"denda_updated":0,"errors":[]}
[2026-01-29 01:17:55] Auto-update by USER: Kepala HR
  Updates: {"approved_to_ongoing":0,"ongoing_to_late":0,"denda_updated":0,"errors":[]}
[2026-01-29 01:22:19] Auto-update by USER: Kepala HR
  Updates: {"approved_to_ongoing":0,"ongoing_to_late":0,"denda_updated":0,"errors":[]}
[2026-01-29 01:22:41] Auto-update by USER: Kepala HR
  Updates: {"approved_to_ongoing":0,"ongoing_to_late":0,"denda_updated":0,"errors":[]}
[2026-01-29 01:23:05] Auto-update by USER: Kepala HR
  Updates: {"approved_to_ongoing":0,"ongoing_to_late":0,"denda_updated":0,"errors":[]}
[2026-01-29 01:25:23] Auto-update by USER: Kepala HR
  Updates: {"approved_to_ongoing":0,"ongoing_to_late":0,"denda_updated":0,"errors":[]}
[2026-01-29 02:05:35] Auto-update executed by: Inventory Manager
  - Approved→Ongoing: 0
  - Ongoing→Late: 0
  - Denda Updated: 0
--------------------------------------------------
[2026-01-29 02:10:42] Auto-update executed by: Inventory Manager
  - Approved→Ongoing: 0
  - Ongoing→Late: 0
  - Denda Updated: 0
--------------------------------------------------
[2026-01-29 08:39:39] Auto-update executed by: Inventory Manager
  - Approved→Ongoing: 0
  - Ongoing→Late: 0
  - Denda Updated: 0
--------------------------------------------------
[2026-01-29 08:46:53] Auto-update executed by: Inventory Manager
  - Approved→Ongoing: 0
  - Ongoing→Late: 0
  - Denda Updated: 0
--------------------------------------------------
[2026-01-29 08:52:04] Auto-update executed by: Inventory Manager
  - Approved→Ongoing: 0
  - Ongoing→Late: 0
  - Denda Updated: 0
--------------------------------------------------
[2026-01-29 08:58:13] Auto-update executed by: Inventory Manager
  - Approved→Ongoing: 0
  - Ongoing→Late: 0
  - Denda Updated: 0
--------------------------------------------------
[2026-01-29 10:58:22] Auto-update executed by: Inventory Manager
  - Approved→Ongoing: 0
  - Ongoing→Late: 0
  - Denda Updated: 0
--------------------------------------------------
[2026-02-12 23:51:27] Auto-update executed by: Inventory Manager
  - Approved→Ongoing: 0
  - Ongoing→Late: 0
  - Denda Updated: 0
--------------------------------------------------
[2026-02-12 23:56:43] Auto-update executed by: Inventory Manager
  - Approved→Ongoing: 0
  - Ongoing→Late: 0
  - Denda Updated: 0
--------------------------------------------------
